<?xml version="1.0" encoding="UTF-8"?>
<coverage generated="1674074163957" clover="3.2.0">
  <project timestamp="1674074163958" name="All files">
    <metrics statements="4" coveredstatements="3" conditionals="2" coveredconditionals="1" methods="4" coveredmethods="4" elements="10" coveredelements="8" complexity="0" loc="4" ncloc="4" packages="1" files="1" classes="1"/>
    <file name="exercises.js" path="C:\Users\aldai\MarcyLab\unit_9\writing-unit-tests-lab-2\exercises.js">
      <metrics statements="4" coveredstatements="3" conditionals="2" coveredconditionals="1" methods="4" coveredmethods="4"/>
      <line num="3" count="1" type="cond" truecount="1" falsecount="1"/>
      <line num="4" count="1" type="stmt"/>
      <line num="6" count="0" type="stmt"/>
      <line num="22" count="1" type="stmt"/>
    </file>
  </project>
</coverage>
