<?xml version="1.0" encoding="UTF-8"?>
<coverage generated="1674079522746" clover="3.2.0">
  <project timestamp="1674079522746" name="All files">
    <metrics statements="5" coveredstatements="5" conditionals="10" coveredconditionals="10" methods="8" coveredmethods="8" elements="23" coveredelements="23" complexity="0" loc="5" ncloc="5" packages="1" files="1" classes="1"/>
    <file name="exercises.js" path="C:\Users\aldai\MarcyLab\unit_9\writing-unit-tests-lab-2\exercises.js">
      <metrics statements="5" coveredstatements="5" conditionals="10" coveredconditionals="10" methods="8" coveredmethods="8"/>
      <line num="7" count="13" type="cond" truecount="2" falsecount="0"/>
      <line num="12" count="8" type="stmt"/>
      <line num="15" count="5" type="cond" truecount="8" falsecount="0"/>
      <line num="19" count="36" type="stmt"/>
      <line num="22" count="1" type="stmt"/>
    </file>
  </project>
</coverage>
