{"C:\\Users\\aldai\\MarcyLab\\unit_9\\writing-unit-tests-lab-2\\exercises.js": {"path":"C:\\Users\\aldai\\MarcyLab\\unit_9\\writing-unit-tests-lab-2\\exercises.js","statementMap":{"0":{"start":{"line":3,"column":2},"end":{"line":7,"column":4}},"1":{"start":{"line":4,"column":4},"end":{"line":4,"column":15}},"2":{"start":{"line":6,"column":4},"end":{"line":6,"column":16}},"3":{"start":{"line":22,"column":0},"end":{"line":27,"column":2}}},"fnMap":{"0":{"name":"octalToDecimal","decl":{"start":{"line":1,"column":9},"end":{"line":1,"column":23}},"loc":{"start":{"line":1,"column":26},"end":{"line":8,"column":1}},"line":1},"1":{"name":"anagram","decl":{"start":{"line":10,"column":9},"end":{"line":10,"column":16}},"loc":{"start":{"line":10,"column":19},"end":{"line":12,"column":1}},"line":10},"2":{"name":"triangle","decl":{"start":{"line":14,"column":9},"end":{"line":14,"column":17}},"loc":{"start":{"line":14,"column":20},"end":{"line":16,"column":1}},"line":14},"3":{"name":"fridayThe13ths","decl":{"start":{"line":18,"column":9},"end":{"line":18,"column":23}},"loc":{"start":{"line":18,"column":26},"end":{"line":20,"column":1}},"line":18}},"branchMap":{"0":{"loc":{"start":{"line":3,"column":2},"end":{"line":7,"column":4}},"type":"if","locations":[{"start":{"line":3,"column":2},"end":{"line":7,"column":4}},{"start":{"line":3,"column":2},"end":{"line":7,"column":4}}],"line":3}},"s":{"0":1,"1":1,"2":0,"3":1},"f":{"0":1,"1":1,"2":1,"3":1},"b":{"0":[1,0]},"_coverageSchema":"43e27e138ebf9cfc5966b082cf9a028302ed4184","hash":"e5411e1fdac1a07bdb53341d1a2b2feadcca877a"}
}
