{"C:\\Users\\aldai\\MarcyLab\\unit_9\\writing-unit-tests-lab-2\\exercises.js": {"path":"C:\\Users\\aldai\\MarcyLab\\unit_9\\writing-unit-tests-lab-2\\exercises.js","statementMap":{"0":{"start":{"line":7,"column":2},"end":{"line":7,"column":87}},"1":{"start":{"line":7,"column":42},"end":{"line":7,"column":79}},"2":{"start":{"line":12,"column":2},"end":{"line":12,"column":94}},"3":{"start":{"line":12,"column":28},"end":{"line":12,"column":92}},"4":{"start":{"line":15,"column":17},"end":{"line":15,"column":194}},"5":{"start":{"line":15,"column":33},"end":{"line":15,"column":194}},"6":{"start":{"line":15,"column":163},"end":{"line":15,"column":171}},"7":{"start":{"line":19,"column":2},"end":{"line":19,"column":95}},"8":{"start":{"line":19,"column":48},"end":{"line":19,"column":86}},"9":{"start":{"line":22,"column":0},"end":{"line":27,"column":2}}},"fnMap":{"0":{"name":"octalToDecimal","decl":{"start":{"line":1,"column":9},"end":{"line":1,"column":23}},"loc":{"start":{"line":1,"column":29},"end":{"line":8,"column":1}},"line":1},"1":{"name":"(anonymous_1)","decl":{"start":{"line":7,"column":30},"end":{"line":7,"column":31}},"loc":{"start":{"line":7,"column":42},"end":{"line":7,"column":79}},"line":7},"2":{"name":"anagram","decl":{"start":{"line":10,"column":9},"end":{"line":10,"column":16}},"loc":{"start":{"line":10,"column":27},"end":{"line":13,"column":1}},"line":10},"3":{"name":"(anonymous_3)","decl":{"start":{"line":12,"column":20},"end":{"line":12,"column":21}},"loc":{"start":{"line":12,"column":28},"end":{"line":12,"column":92}},"line":12},"4":{"name":"(anonymous_4)","decl":{"start":{"line":15,"column":17},"end":{"line":15,"column":18}},"loc":{"start":{"line":15,"column":33},"end":{"line":15,"column":194}},"line":15},"5":{"name":"(anonymous_5)","decl":{"start":{"line":15,"column":156},"end":{"line":15,"column":157}},"loc":{"start":{"line":15,"column":163},"end":{"line":15,"column":171}},"line":15},"6":{"name":"fridayThe13ths","decl":{"start":{"line":17,"column":9},"end":{"line":17,"column":23}},"loc":{"start":{"line":17,"column":30},"end":{"line":20,"column":1}},"line":17},"7":{"name":"(anonymous_7)","decl":{"start":{"line":19,"column":38},"end":{"line":19,"column":39}},"loc":{"start":{"line":19,"column":48},"end":{"line":19,"column":86}},"line":19}},"branchMap":{"0":{"loc":{"start":{"line":7,"column":9},"end":{"line":7,"column":87}},"type":"binary-expr","locations":[{"start":{"line":7,"column":9},"end":{"line":7,"column":82}},{"start":{"line":7,"column":86},"end":{"line":7,"column":87}}],"line":7},"1":{"loc":{"start":{"line":15,"column":33},"end":{"line":15,"column":194}},"type":"cond-expr","locations":[{"start":{"line":15,"column":86},"end":{"line":15,"column":95}},{"start":{"line":15,"column":98},"end":{"line":15,"column":194}}],"line":15},"2":{"loc":{"start":{"line":15,"column":33},"end":{"line":15,"column":83}},"type":"binary-expr","locations":[{"start":{"line":15,"column":33},"end":{"line":15,"column":53}},{"start":{"line":15,"column":57},"end":{"line":15,"column":83}}],"line":15},"3":{"loc":{"start":{"line":15,"column":98},"end":{"line":15,"column":194}},"type":"cond-expr","locations":[{"start":{"line":15,"column":126},"end":{"line":15,"column":133}},{"start":{"line":15,"column":136},"end":{"line":15,"column":194}}],"line":15},"4":{"loc":{"start":{"line":15,"column":136},"end":{"line":15,"column":194}},"type":"cond-expr","locations":[{"start":{"line":15,"column":176},"end":{"line":15,"column":183}},{"start":{"line":15,"column":186},"end":{"line":15,"column":194}}],"line":15}},"s":{"0":6,"1":13,"2":2,"3":8,"4":1,"5":5,"6":4,"7":3,"8":36,"9":1},"f":{"0":6,"1":13,"2":2,"3":8,"4":5,"5":4,"6":3,"7":36},"b":{"0":[6,1],"1":[2,3],"2":[5,4],"3":[1,2],"4":[1,1]},"_coverageSchema":"43e27e138ebf9cfc5966b082cf9a028302ed4184","hash":"c470a268030e79088ebf5335b71ae9733efbf84b"}
}
