TN:
SF:C:\Users\aldai\MarcyLab\unit_9\writing-unit-tests-lab-2\exercises.js
FN:1,octalToDecimal
FN:7,(anonymous_1)
FN:10,anagram
FN:12,(anonymous_3)
FN:15,(anonymous_4)
FN:15,(anonymous_5)
FN:17,fridayThe13ths
FN:19,(anonymous_7)
FNF:8
FNH:8
FNDA:6,octalToDecimal
FNDA:13,(anonymous_1)
FNDA:2,anagram
FNDA:8,(anonymous_3)
FNDA:5,(anonymous_4)
FNDA:4,(anonymous_5)
FNDA:3,fridayThe13ths
FNDA:36,(anonymous_7)
DA:7,13
DA:12,8
DA:15,5
DA:19,36
DA:22,1
LF:5
LH:5
BRDA:7,0,0,6
BRDA:7,0,1,1
BRDA:15,1,0,2
BRDA:15,1,1,3
BRDA:15,2,0,5
BRDA:15,2,1,4
BRDA:15,3,0,1
BRDA:15,3,1,2
BRDA:15,4,0,1
BRDA:15,4,1,1
BRF:10
BRH:10
end_of_record
